1391409801|/index.php?id=log|index.php?id=log
1391409814|/index.php?id=info|index.php?id=log
1391409817|/index.php?id=gbook|index.php?id=info
1391409820|/index.php?id=log|index.php?id=gbook
1391409939|/index.php?id=contact|index.php?id=log
1391409939|/index.php?id=contact|index.php?id=contact
1391409940|/index.php?id=contact|index.php?id=contact
1391409940|/index.php?id=contact|index.php?id=contact
1391409941|/index.php?id=contact|index.php?id=contact
1391409941|/index.php?id=contact|index.php?id=contact
1391409941|/index.php|index.php?id=contact
1391409942|/index.php|index.php
1391409942|/index.php|index.php
1391409942|/index.php?id=contact|index.php
1391409943|/index.php?id=contact|index.php?id=contact
1391410459|/index.php?id=log|index.php?id=contact
1391410482|/index.php|index.php?id=log
1391410483|/index.php?id=log|index.php
1391701341|/index.php|
1391701343|/index.php?id=gbook|index.php
1391702194|/index.php?id=gbook|index.php?id=gbook
1391703004|/index.php?id=gbook|index.php?id=gbook
1391703094|/index.php?id=gbook|index.php?id=gbook
1391703094|/index.php?id=gbook|index.php?id=gbook
1391703097|/index.php?id=gbook|index.php?id=gbook
1391703098|/index.php?id=gbook|index.php?id=gbook
1391703940|/index.php?id=gbook|index.php?id=gbook
1391703943|/index.php?id=gbook&del=3|index.php?id=gbook
1391703975|/index.php?id=gbook&del=3|index.php?id=gbook&del=3
1391703975|/index.php?id=gbook&del=3|index.php?id=gbook&del=3
1391704371|/index.php?id=gbook&del=3|index.php?id=gbook&del=3
1391704372|/index.php?id=gbook&del=3|index.php?id=gbook&del=3
1391704372|/index.php?id=gbook&del=3|index.php?id=gbook&del=3
1391704372|/index.php?id=gbook&del=3|index.php?id=gbook&del=3
1391704372|/index.php?id=gbook&del=3|index.php?id=gbook&del=3
1391704372|/index.php?id=gbook&del=3|index.php?id=gbook&del=3
1391704372|/index.php?id=gbook&del=3|index.php?id=gbook&del=3
1391704372|/index.php?id=gbook&del=3|index.php?id=gbook&del=3
1391704372|/index.php?id=gbook&del=3|index.php?id=gbook&del=3
1391704372|/index.php?id=gbook&del=3|index.php?id=gbook&del=3
1391704372|/index.php?id=gbook&del=3|index.php?id=gbook&del=3
1391704372|/index.php?id=gbook&del=3|index.php?id=gbook&del=3
1391704372|/index.php?id=gbook&del=3|index.php?id=gbook&del=3
1391704372|/index.php?id=gbook&del=3|index.php?id=gbook&del=3
1391704372|/index.php?id=gbook&del=3|index.php?id=gbook&del=3
1391704372|/index.php?id=gbook&del=3|index.php?id=gbook&del=3
1391704372|/index.php?id=gbook&del=3|index.php?id=gbook&del=3
1391704372|/index.php?id=gbook&del=3|index.php?id=gbook&del=3
1391704372|/index.php?id=gbook&del=3|index.php?id=gbook&del=3
1391704372|/index.php?id=gbook&del=3|index.php?id=gbook&del=3
1391704372|/index.php?id=gbook&del=3|index.php?id=gbook&del=3
1391704474|/index.php?id=gbook|
1391704476|/index.php?id=gbook&del=4|index.php?id=gbook
1391704476|/index.php?id=gbook|index.php?id=gbook
1391799495|/index.php|
1392037628|/|
